<?xml version="1.0" encoding="UTF-8"?>
<!-- Generated by org.testng.reporters.JUnitXMLReporter -->
<testsuite hostname="DESKTOP-TH3UGC1" ignored="1" name="Default test" tests="1" failures="0" timestamp="2020-07-23T10:28:46 IST" time="0.2" errors="0">
  <testcase name="Appiumeone" time="0.033" classname="mavenPone.subone.AppiumTest"/>
  <testcase name="Appiumtwo" time="0.0" classname="mavenPone.subone.AppiumTest">
    <ignored/>
  </testcase> <!-- Appiumtwo -->
</testsuite> <!-- Default test -->
