<?xml version="1.0" encoding="UTF-8"?>
<testng-results skipped="0" failed="0" ignored="1" total="2" passed="1">
  <reporter-output>
  </reporter-output>
  <suite name="Default suite" duration-ms="200" started-at="2020-07-23T10:28:46 IST" finished-at="2020-07-23T10:28:46 IST">
    <groups>
    </groups>
    <test name="Default test" duration-ms="200" started-at="2020-07-23T10:28:46 IST" finished-at="2020-07-23T10:28:46 IST">
      <class name="mavenPone.subone.AppiumTest">
        <test-method status="PASS" signature="Appiumeone()[pri:0, instance:mavenPone.subone.AppiumTest@5bda8e08]" name="Appiumeone" duration-ms="33" started-at="2020-07-23T10:28:46 IST" finished-at="2020-07-23T10:28:46 IST">
          <reporter-output>
          </reporter-output>
        </test-method> <!-- Appiumeone -->
      </class> <!-- mavenPone.subone.AppiumTest -->
    </test> <!-- Default test -->
  </suite> <!-- Default suite -->
</testng-results>
