<?xml version="1.0" encoding="UTF-8"?>
<!-- Generated by org.testng.reporters.JUnitXMLReporter -->
<testsuite hostname="DESKTOP-TH3UGC1" name="Featured Course" tests="1" failures="1" timestamp="17 Sep 2020 09:33:54 GMT" time="9.784" errors="0">
  <testcase name="freaturedcoursetitle" time="0.241" classname="Framework.revised.FeaturedCourseTitle">
    <failure type="java.lang.AssertionError" message="Fail expected [FEATURE COURSES] but found [FEATURED COURSES]">
      <![CDATA[java.lang.AssertionError: Fail expected [FEATURE COURSES] but found [FEATURED COURSES]
	at Framework.revised.FeaturedCourseTitle.freaturedcoursetitle(FeaturedCourseTitle.java:45)
... Removed 28 stack frames]]>
    </failure>
  </testcase> <!-- freaturedcoursetitle -->
</testsuite> <!-- Featured Course -->
