<?xml version="1.0" encoding="UTF-8"?>
<!-- Generated by org.testng.reporters.JUnitXMLReporter -->
<testsuite hostname="DESKTOP-TH3UGC1" name="Login" tests="3" failures="0" timestamp="17 Sep 2020 09:33:29 GMT" time="27.151" errors="0">
  <testcase name="basepagenavigation" time="3.236" classname="Framework.revised.HomePage"/>
  <testcase name="basepagenavigation" time="0.864" classname="Framework.revised.HomePage"/>
  <testcase name="basepagenavigation" time="1.063" classname="Framework.revised.HomePage"/>
</testsuite> <!-- Login -->
