<?xml version="1.0" encoding="UTF-8"?>
<testng-results skipped="0" failed="0" ignored="0" total="2" passed="2">
  <reporter-output>
  </reporter-output>
  <suite name="Suite" duration-ms="49728" started-at="2020-11-15T15:49:17 IST" finished-at="2020-11-15T15:50:07 IST">
    <groups>
      <group name="cucumber">
        <method signature="AbstractTestNGCucumberTests.runScenario(io.cucumber.testng.PickleWrapper, io.cucumber.testng.FeatureWrapper)[pri:0, instance:testRunner.testRunner@11438d26]" name="runScenario" class="io.cucumber.testng.AbstractTestNGCucumberTests"/>
      </group> <!-- cucumber -->
    </groups>
    <test name="Test" duration-ms="49728" started-at="2020-11-15T15:49:17 IST" finished-at="2020-11-15T15:50:07 IST">
      <class name="testRunner.testRunner">
        <test-method status="PASS" signature="setUpClass()[pri:0, instance:testRunner.testRunner@11438d26]" name="setUpClass" is-config="true" duration-ms="1008" started-at="2020-11-15T15:49:17 IST" finished-at="2020-11-15T15:49:18 IST">
          <reporter-output>
          </reporter-output>
        </test-method> <!-- setUpClass -->
        <test-method status="PASS" signature="runScenario(io.cucumber.testng.PickleWrapper, io.cucumber.testng.FeatureWrapper)[pri:0, instance:testRunner.testRunner@11438d26]" name="runScenario" duration-ms="25562" started-at="2020-11-15T15:49:18 IST" description="Runs Cucumber Scenarios" data-provider="scenarios" finished-at="2020-11-15T15:49:44 IST">
          <params>
            <param index="0">
              <value>
                <![CDATA["Home Page Login"]]>
              </value>
            </param>
            <param index="1">
              <value>
                <![CDATA["Optional[HomePage Login]"]]>
              </value>
            </param>
          </params>
          <reporter-output>
          </reporter-output>
        </test-method> <!-- runScenario -->
        <test-method status="PASS" signature="runScenario(io.cucumber.testng.PickleWrapper, io.cucumber.testng.FeatureWrapper)[pri:0, instance:testRunner.testRunner@11438d26]" name="runScenario" duration-ms="22952" started-at="2020-11-15T15:49:44 IST" description="Runs Cucumber Scenarios" data-provider="scenarios" finished-at="2020-11-15T15:50:07 IST">
          <params>
            <param index="0">
              <value>
                <![CDATA["Home Page Login"]]>
              </value>
            </param>
            <param index="1">
              <value>
                <![CDATA["Optional[HomePage Login]"]]>
              </value>
            </param>
          </params>
          <reporter-output>
          </reporter-output>
        </test-method> <!-- runScenario -->
        <test-method status="PASS" signature="tearDownClass()[pri:0, instance:testRunner.testRunner@11438d26]" name="tearDownClass" is-config="true" duration-ms="64" started-at="2020-11-15T15:50:07 IST" finished-at="2020-11-15T15:50:07 IST">
          <reporter-output>
          </reporter-output>
        </test-method> <!-- tearDownClass -->
      </class> <!-- testRunner.testRunner -->
    </test> <!-- Test -->
  </suite> <!-- Suite -->
</testng-results>
