<?xml version="1.0" encoding="UTF-8"?>
<testng-results skipped="0" failed="0" total="2" passed="2">
  <reporter-output>
  </reporter-output>
  <suite name="Default suite" duration-ms="20979" started-at="2020-09-21T11:32:29Z" finished-at="2020-09-21T11:32:50Z">
    <groups>
    </groups>
    <test name="Default test" duration-ms="20979" started-at="2020-09-21T11:32:29Z" finished-at="2020-09-21T11:32:50Z">
      <class name="Framework.revised.FeaturedCourseTitle">
        <test-method status="PASS" signature="StartDriver()[pri:0, instance:Framework.revised.FeaturedCourseTitle@2d0399f4]" name="StartDriver" is-config="true" duration-ms="15502" started-at="2020-09-21T17:02:29Z" finished-at="2020-09-21T17:02:45Z">
          <reporter-output>
          </reporter-output>
        </test-method> <!-- StartDriver -->
        <test-method status="PASS" signature="fcourseheader()[pri:0, instance:Framework.revised.FeaturedCourseTitle@2d0399f4]" name="fcourseheader" duration-ms="488" started-at="2020-09-21T17:02:45Z" finished-at="2020-09-21T17:02:45Z">
          <reporter-output>
          </reporter-output>
        </test-method> <!-- fcourseheader -->
        <test-method status="PASS" signature="fcoursetitle()[pri:0, instance:Framework.revised.FeaturedCourseTitle@2d0399f4]" name="fcoursetitle" duration-ms="430" started-at="2020-09-21T17:02:45Z" finished-at="2020-09-21T17:02:46Z">
          <reporter-output>
          </reporter-output>
        </test-method> <!-- fcoursetitle -->
        <test-method status="PASS" signature="Shutdown()[pri:0, instance:Framework.revised.FeaturedCourseTitle@2d0399f4]" name="Shutdown" is-config="true" duration-ms="4497" started-at="2020-09-21T17:02:46Z" finished-at="2020-09-21T17:02:50Z">
          <reporter-output>
          </reporter-output>
        </test-method> <!-- Shutdown -->
      </class> <!-- Framework.revised.FeaturedCourseTitle -->
    </test> <!-- Default test -->
  </suite> <!-- Default suite -->
</testng-results>
