<?xml version="1.0" encoding="UTF-8"?>
<testng-results skipped="0" failed="0" ignored="0" total="1" passed="1">
  <reporter-output>
  </reporter-output>
  <suite name="Surefire suite" duration-ms="35" started-at="2020-11-15T16:11:04 IST" finished-at="2020-11-15T16:11:04 IST">
    <groups>
    </groups>
    <test name="Surefire test" duration-ms="35" started-at="2020-11-15T16:11:04 IST" finished-at="2020-11-15T16:11:04 IST">
      <class name="EndtoEnd.FrameworkProject.AppTest">
        <test-method status="PASS" signature="testApp()[pri:0, instance:testApp(EndtoEnd.FrameworkProject.AppTest)]" name="testApp" duration-ms="7" started-at="2020-11-15T16:11:04 IST" finished-at="2020-11-15T16:11:04 IST">
          <reporter-output>
          </reporter-output>
        </test-method> <!-- testApp -->
      </class> <!-- EndtoEnd.FrameworkProject.AppTest -->
    </test> <!-- Surefire test -->
  </suite> <!-- Surefire suite -->
</testng-results>
