<?xml version="1.0" encoding="UTF-8"?>
<!-- Generated by org.testng.reporters.JUnitXMLReporter -->
<testsuite hostname="DESKTOP-TH3UGC1" ignored="0" name="Other" tests="8" failures="0" timestamp="2020-07-22T10:30:10 IST" time="0.265" errors="0">
  <testcase name="methodone" time="0.017" classname="TestPackage.FirstTestNG"/>
  <testcase name="FirstClass" time="0.01" classname="TestPackage.TwoTC"/>
  <testcase name="SecondClass" time="0.005" classname="TestPackage.TwoTC"/>
  <testcase name="BackEndCSM" time="0.004" classname="TestPackage.ThirdTest"/>
  <testcase name="BackEndMambo" time="0.002" classname="TestPackage.ThirdTest"/>
  <testcase name="FrontEndCSM" time="0.003" classname="TestPackage.ThirdTest"/>
  <testcase name="FrontEndMambo" time="0.002" classname="TestPackage.ThirdTest"/>
  <testcase name="FrontEndSelfCare" time="0.003" classname="TestPackage.ThirdTest"/>
</testsuite> <!-- Other -->
