<?xml version="1.0" encoding="UTF-8"?>
<testng-results skipped="0" failed="0" ignored="0" total="1" passed="1">
  <reporter-output>
  </reporter-output>
  <suite name="Default suite" duration-ms="50146" started-at="2020-08-18T01:00:05 IST" finished-at="2020-08-18T01:00:55 IST">
    <groups>
    </groups>
    <test name="Default test" duration-ms="50146" started-at="2020-08-18T01:00:05 IST" finished-at="2020-08-18T01:00:55 IST">
      <class name="TestCases.Login">
        <test-method status="PASS" signature="doLogin()[pri:0, instance:TestCases.Login@210366b4]" name="doLogin" duration-ms="49927" started-at="2020-08-18T01:00:05 IST" finished-at="2020-08-18T01:00:55 IST">
          <reporter-output>
          </reporter-output>
        </test-method> <!-- doLogin -->
      </class> <!-- TestCases.Login -->
    </test> <!-- Default test -->
  </suite> <!-- Default suite -->
</testng-results>
