<?xml version="1.0" encoding="UTF-8"?>
<!-- Generated by org.testng.reporters.JUnitXMLReporter -->
<testsuite hostname="DESKTOP-TH3UGC1" name="Featured Course" tests="1" failures="1" timestamp="21 Sep 2020 11:05:25 GMT" time="74.237" errors="0">
  <testcase name="freaturedcoursetitle" time="14.974" classname="Framework.revised.FeaturedCourseTitle">
    <failure type="java.lang.AssertionError" message="Fail expected [FEATURE COURSES] but found [FEATURED COURSES]">
      <![CDATA[java.lang.AssertionError: Fail expected [FEATURE COURSES] but found [FEATURED COURSES]
	at Framework.revised.FeaturedCourseTitle.freaturedcoursetitle(FeaturedCourseTitle.java:46)
	at java.util.concurrent.FutureTask.run(FutureTask.java:266)
	at java.util.concurrent.ThreadPoolExecutor.runWorker(ThreadPoolExecutor.java:1149)
	at java.util.concurrent.ThreadPoolExecutor$Worker.run(ThreadPoolExecutor.java:624)
	at java.lang.Thread.run(Thread.java:748)
... Removed 20 stack frames]]>
    </failure>
  </testcase> <!-- freaturedcoursetitle -->
</testsuite> <!-- Featured Course -->
