<?xml version="1.0" encoding="UTF-8"?>
<testng-results skipped="0" failed="0" ignored="0" total="1" passed="1">
  <reporter-output>
  </reporter-output>
  <suite name="Default suite" duration-ms="18663" started-at="2020-07-28T16:43:03 IST" finished-at="2020-07-28T16:43:22 IST">
    <groups>
    </groups>
    <test name="Default test" duration-ms="18663" started-at="2020-07-28T16:43:03 IST" finished-at="2020-07-28T16:43:22 IST">
      <class name="mavenPone.sub_two.InitialDemo">
        <test-method status="PASS" signature="config()[pri:0, instance:mavenPone.sub_two.InitialDemo@16267862]" name="config" is-config="true" duration-ms="669" started-at="2020-07-28T16:43:03 IST" finished-at="2020-07-28T16:43:04 IST">
          <reporter-output>
          </reporter-output>
        </test-method> <!-- config -->
        <test-method status="PASS" signature="FirstClass()[pri:0, instance:mavenPone.sub_two.InitialDemo@16267862]" name="FirstClass" duration-ms="17894" started-at="2020-07-28T16:43:04 IST" finished-at="2020-07-28T16:43:21 IST">
          <reporter-output>
          </reporter-output>
        </test-method> <!-- FirstClass -->
      </class> <!-- mavenPone.sub_two.InitialDemo -->
    </test> <!-- Default test -->
  </suite> <!-- Default suite -->
</testng-results>
