<?xml version="1.0" encoding="UTF-8"?>
<testng-results skipped="0" failed="0" ignored="0" total="6" passed="6">
  <reporter-output>
  </reporter-output>
  <suite name="Suite" duration-ms="271" started-at="2020-07-23T11:34:14 IST" finished-at="2020-07-23T11:34:15 IST">
    <groups>
    </groups>
    <test name="Test" duration-ms="271" started-at="2020-07-23T11:34:14 IST" finished-at="2020-07-23T11:34:15 IST">
      <class name="mavenPone.subone.RestAPITest">
        <test-method status="PASS" signature="interfaceone()[pri:0, instance:mavenPone.subone.RestAPITest@13805618]" name="interfaceone" duration-ms="24" started-at="2020-07-23T11:34:15 IST" finished-at="2020-07-23T11:34:15 IST">
          <reporter-output>
          </reporter-output>
        </test-method> <!-- interfaceone -->
        <test-method status="PASS" signature="interfacetwo()[pri:0, instance:mavenPone.subone.RestAPITest@13805618]" name="interfacetwo" duration-ms="3" started-at="2020-07-23T11:34:15 IST" finished-at="2020-07-23T11:34:15 IST">
          <reporter-output>
          </reporter-output>
        </test-method> <!-- interfacetwo -->
      </class> <!-- mavenPone.subone.RestAPITest -->
      <class name="mavenPone.subone.SeleniumTest">
        <test-method status="PASS" signature="Testone()[pri:0, instance:mavenPone.subone.SeleniumTest@4566e5bd]" name="Testone" duration-ms="1" started-at="2020-07-23T11:34:15 IST" finished-at="2020-07-23T11:34:15 IST">
          <reporter-output>
          </reporter-output>
        </test-method> <!-- Testone -->
        <test-method status="PASS" signature="Testtwo()[pri:0, instance:mavenPone.subone.SeleniumTest@4566e5bd]" name="Testtwo" duration-ms="0" started-at="2020-07-23T11:34:15 IST" finished-at="2020-07-23T11:34:15 IST">
          <reporter-output>
          </reporter-output>
        </test-method> <!-- Testtwo -->
      </class> <!-- mavenPone.subone.SeleniumTest -->
      <class name="mavenPone.subone.AppiumTest">
        <test-method status="PASS" signature="Appiumeone()[pri:0, instance:mavenPone.subone.AppiumTest@56ef9176]" name="Appiumeone" duration-ms="2" started-at="2020-07-23T11:34:15 IST" finished-at="2020-07-23T11:34:15 IST">
          <reporter-output>
          </reporter-output>
        </test-method> <!-- Appiumeone -->
        <test-method status="PASS" signature="Appiumtwo()[pri:0, instance:mavenPone.subone.AppiumTest@56ef9176]" name="Appiumtwo" duration-ms="2" started-at="2020-07-23T11:34:15 IST" finished-at="2020-07-23T11:34:15 IST">
          <reporter-output>
          </reporter-output>
        </test-method> <!-- Appiumtwo -->
      </class> <!-- mavenPone.subone.AppiumTest -->
    </test> <!-- Test -->
  </suite> <!-- Suite -->
</testng-results>
