<?xml version="1.0" encoding="UTF-8"?>
<!-- Generated by org.testng.reporters.JUnitXMLReporter -->
<testsuite hostname="DESKTOP-TH3UGC1" ignored="0" name="Test" tests="5" failures="0" timestamp="2020-09-01T15:33:28 IST" time="136.322" errors="0">
  <testcase name="navigationbar" time="14.84" classname="Framework.First.NavigationBar"/>
  <testcase name="freaturedcoursetitle" time="15.667" classname="Framework.First.FeaturedCourseTitle"/>
  <testcase name="basepagenavigation" time="29.466" classname="Framework.First.HomePage"/>
  <testcase name="basepagenavigation" time="31.198" classname="Framework.First.HomePage"/>
  <testcase name="basepagenavigation" time="44.908" classname="Framework.First.HomePage"/>
</testsuite> <!-- Test -->
