<?xml version="1.0" encoding="UTF-8"?>
<!-- Generated by org.testng.reporters.JUnitXMLReporter -->
<testsuite hostname="DESKTOP-TH3UGC1" ignored="0" name="Test" tests="6" failures="0" timestamp="2020-07-23T11:34:15 IST" time="0.271" errors="0">
  <testcase name="interfaceone" time="0.024" classname="mavenPone.subone.RestAPITest"/>
  <testcase name="interfacetwo" time="0.003" classname="mavenPone.subone.RestAPITest"/>
  <testcase name="Appiumeone" time="0.002" classname="mavenPone.subone.AppiumTest"/>
  <testcase name="Appiumtwo" time="0.002" classname="mavenPone.subone.AppiumTest"/>
  <testcase name="Testone" time="0.001" classname="mavenPone.subone.SeleniumTest"/>
  <testcase name="Testtwo" time="0.0" classname="mavenPone.subone.SeleniumTest"/>
</testsuite> <!-- Test -->
